


ARM Macro Assembler    Page 1 


    1 00000000                 AREA             |.text|, CODE, READONLY, ALIGN=
2
    2 00000000                 THUMB
    3 00000000         
    4 00000000         ;;;;;;;;;;;;;;;;;;;;;;;;;;;;;;;;;;;;;;;;;;;;;;;;;;;;;;;;
                       ;;;;;;;;;;;;;;;;;;;;;;;;;;;;;;;
    5 00000000         ; System Timer Definition
    6 00000000 E000E010 
                       STCTRL  EQU              0xE000E010  ; SysTick Control a
                                                            nd Status Register
    7 00000000 E000E014 
                       STRELOAD
                               EQU              0xE000E014  ; SysTick Reload Va
                                                            lue Register
    8 00000000 E000E018 
                       STCURRENT
                               EQU              0xE000E018  ; SysTick Current V
                                                            alue Register
    9 00000000         
   10 00000000 00000004 
                       STCTRL_STOP
                               EQU              0x00000004  ; Bit 2 (CLK_SRC) =
                                                             1, Bit 1 (INT_EN) 
                                                            = 0, Bit 0 (ENABLE)
                                                             = 0
   11 00000000 00000007 
                       STCTRL_GO
                               EQU              0x00000007  ; Bit 2 (CLK_SRC) =
                                                             1, Bit 1 (INT_EN) 
                                                            = 1, Bit 0 (ENABLE)
                                                             = 1
   12 00000000 00FFFFFF 
                       STRELOAD_MX
                               EQU              0x00FFFFFF  ; MAX Value = 1/16M
                                                            Hz * 16M = 1 second
                                                            
   13 00000000 00000000 
                       STCURR_CLR
                               EQU              0x00000000  ; Clear STCURRENT a
                                                            nd STCTRL.COUNT 
   14 00000000 0000000E 
                       SIGALRM EQU              14          ; sig alarm
   15 00000000         
   16 00000000         ; System Variables
   17 00000000 20007B80 
                       SECOND_LEFT
                               EQU              0x20007B80  ; Secounds left for
                                                             alarm( )
   18 00000000 20007B84 
                       USR_HANDLER
                               EQU              0x20007B84  ; Address of a user
                                                            -given signal handl
                                                            er function 
   19 00000000         
   20 00000000         ;;;;;;;;;;;;;;;;;;;;;;;;;;;;;;;;;;;;;;;;;;;;;;;;;;;;;;;;
                       ;;;;;;;;;;;;;;;;;;;;;;;;;;;;;;;
   21 00000000         ; Timer initialization
   22 00000000         ; void timer_init( )
   23 00000000                 EXPORT           _timer_init



ARM Macro Assembler    Page 2 


   24 00000000         _timer_init
   25 00000000         ;Save registers
   26 00000000 E92D 5FFE       STMFD            SP!, {R1-R12, LR}
   27 00000004         ;store stctrl_stop value into control and status registe
                       r
   28 00000004 481D            LDR              R0, =STCTRL
   29 00000006 F04F 0104       MOV              R1, #STCTRL_STOP
   30 0000000A 6001            STR              R1, [R0]
   31 0000000C         
   32 0000000C         ;store streload_mx value into reload value register
   33 0000000C 481C            LDR              R0, =STRELOAD
   34 0000000E F06F 417F       MOV              R1, #STRELOAD_MX
   35 00000012 6001            STR              R1, [R0]
   36 00000014         
   37 00000014         ;Retrieve registers
   38 00000014 E8BD 5FFE       LDMFD            SP!, {R1-R12, LR}
   39 00000018 46F7            MOV              pc, lr      ; return to Reset_H
                                                            andler
   40 0000001A         
   41 0000001A         ;;;;;;;;;;;;;;;;;;;;;;;;;;;;;;;;;;;;;;;;;;;;;;;;;;;;;;;;
                       ;;;;;;;;;;;;;;;;;;;;;;;;;;;;;;;
   42 0000001A         ; Timer start
   43 0000001A         ; int timer_start( int seconds )
   44 0000001A                 EXPORT           _timer_start
   45 0000001A         _timer_start
   46 0000001A         ; Save registers
   47 0000001A E92D 5FFE       STMFD            SP!, {R1-R12, LR}
   48 0000001E         
   49 0000001E 2800            CMP              R0, #0
   50 00000020 DD0A            BLE              _timer_start_done
   51 00000022         
   52 00000022 4918            LDR              R1, =SECOND_LEFT
   53 00000024 680A            LDR              R2, [R1]
   54 00000026 6008            STR              R0, [R1]
   55 00000028         
   56 00000028         ;store stctrl_go in stctrl
   57 00000028 4B14            LDR              R3, =STCTRL
   58 0000002A F04F 0407       MOV              R4, #STCTRL_GO
   59 0000002E 601C            STR              R4, [R3]
   60 00000030         
   61 00000030         ;sore strcurr_clr in stcurrent
   62 00000030 4B15            LDR              R3, =STCURRENT
   63 00000032 F04F 0400       MOV              R4, #STCURR_CLR
   64 00000036 601C            STR              R4, [R3]
   65 00000038         
   66 00000038         _timer_start_done
   67 00000038 4610            MOV              R0, R2
   68 0000003A         ;Retrieve registers
   69 0000003A E8BD 5FFE       LDMFD            sp!, {r1-r12, lr}
   70 0000003E         ;return
   71 0000003E 46F7            MOV              pc, lr
   72 00000040         ;;;;;;;;;;;;;;;;;;;;;;;;;;;;;;;;;;;;;;;;;;;;;;;;;;;;;;;;
                       ;;;;;;;;;;;;;;;;;;;;;;;;;;;;;;;
   73 00000040         ; Timer update
   74 00000040         ; void timer_update( )
   75 00000040                 EXPORT           _timer_update
   76 00000040         _timer_update
   77 00000040 4B10            LDR              R3, =SECOND_LEFT
   78 00000042 6818            LDR              R0, [R3]



ARM Macro Assembler    Page 3 


   79 00000044 F1A0 0001       SUB              R0, R0, #1
   80 00000048 6018            STR              R0, [R3]
   81 0000004A         
   82 0000004A 2800            CMP              R0, #0
   83 0000004C D109            BNE              _timer_update_done
   84 0000004E         
   85 0000004E 4B0B            LDR              R3, =STCTRL
   86 00000050 F04F 0404       MOV              R4, #STCTRL_STOP
   87 00000054 601C            STR              R4, [R3]
   88 00000056         
   89 00000056         ; change to usr thread
   90 00000056 2003            MOVS             R0, #3
   91 00000058 F380 8814       MSR              CONTROL, R0
   92 0000005C         ; branch to user function
   93 0000005C 4B0B            LDR              R3, =USR_HANDLER
   94 0000005E 681C            LDR              R4, [R3]
   95 00000060 4720            BX               R4
   96 00000062         
   97 00000062         _timer_update_done
   98 00000062         ;return
   99 00000062 46F7            MOV              pc, lr
  100 00000064         
  101 00000064         
  102 00000064         ;;;;;;;;;;;;;;;;;;;;;;;;;;;;;;;;;;;;;;;;;;;;;;;;;;;;;;;;
                       ;;;;;;;;;;;;;;;;;;;;;;;;;;;;;;;
  103 00000064         ; Timer update
  104 00000064         ; void* signal_handler( int signum, void* handler )
  105 00000064                 EXPORT           _signal_handler
  106 00000064         _signal_handler
  107 00000064         ;Save registers
  108 00000064 E92D 5FFE       STMFD            SP!, {R1-R12, LR}
  109 00000068         
  110 00000068 280E            CMP              R0, #14
  111 0000006A D102            BNE              _signal_handler_done
  112 0000006C         
  113 0000006C 4B07            LDR              R3, =USR_HANDLER
  114 0000006E 681A            LDR              R2, [R3]
  115 00000070 6019            STR              R1, [R3]
  116 00000072         
  117 00000072         _signal_handler_done
  118 00000072 4610            MOV              R0, R2
  119 00000074         ;Retrieve registers
  120 00000074 E8BD 5FFE       LDMFD            SP!, {R1-R12, LR}
  121 00000078         ;return
  122 00000078 46F7            MOV              pc, lr
  123 0000007A         
  124 0000007A                 END
              00 00 E000E010 
              E000E014 
              20007B80 
              E000E018 
              20007B84 
Command Line: --debug --xref --diag_suppress=9931 --cpu=Cortex-M4.fp --apcs=int
erwork --depend=.\objects\timer.d -o.\objects\timer.o -I.\RTE\_Target_1 -I"C:\P
rogram Files\Keil\ARM\PACK\ARM\CMSIS\5.8.0\CMSIS\Core\Include" -I"C:\Program Fi
les\Keil\ARM\PACK\Keil\TM4C_DFP\1.1.0\Device\Include\TM4C129" --predefine="__EV
AL SETA 1" --predefine="__UVISION_VERSION SETA 526" --predefine="_RTE_ SETA 1" 
--predefine="TM4C129XNCZAD SETA 1" --list=.\listings\timer.lst timer.s



ARM Macro Assembler    Page 1 Alphabetic symbol ordering
Relocatable symbols

.text 00000000

Symbol: .text
   Definitions
      At line 1 in file timer.s
   Uses
      None
Comment: .text unused
_signal_handler 00000064

Symbol: _signal_handler
   Definitions
      At line 106 in file timer.s
   Uses
      At line 105 in file timer.s
Comment: _signal_handler used once
_signal_handler_done 00000072

Symbol: _signal_handler_done
   Definitions
      At line 117 in file timer.s
   Uses
      At line 111 in file timer.s
Comment: _signal_handler_done used once
_timer_init 00000000

Symbol: _timer_init
   Definitions
      At line 24 in file timer.s
   Uses
      At line 23 in file timer.s
Comment: _timer_init used once
_timer_start 0000001A

Symbol: _timer_start
   Definitions
      At line 45 in file timer.s
   Uses
      At line 44 in file timer.s
Comment: _timer_start used once
_timer_start_done 00000038

Symbol: _timer_start_done
   Definitions
      At line 66 in file timer.s
   Uses
      At line 50 in file timer.s
Comment: _timer_start_done used once
_timer_update 00000040

Symbol: _timer_update
   Definitions
      At line 76 in file timer.s
   Uses
      At line 75 in file timer.s
Comment: _timer_update used once
_timer_update_done 00000062

Symbol: _timer_update_done



ARM Macro Assembler    Page 2 Alphabetic symbol ordering
Relocatable symbols

   Definitions
      At line 97 in file timer.s
   Uses
      At line 83 in file timer.s
Comment: _timer_update_done used once
8 symbols



ARM Macro Assembler    Page 1 Alphabetic symbol ordering
Absolute symbols

SECOND_LEFT 20007B80

Symbol: SECOND_LEFT
   Definitions
      At line 17 in file timer.s
   Uses
      At line 52 in file timer.s
      At line 77 in file timer.s

SIGALRM 0000000E

Symbol: SIGALRM
   Definitions
      At line 14 in file timer.s
   Uses
      None
Comment: SIGALRM unused
STCTRL E000E010

Symbol: STCTRL
   Definitions
      At line 6 in file timer.s
   Uses
      At line 28 in file timer.s
      At line 57 in file timer.s
      At line 85 in file timer.s

STCTRL_GO 00000007

Symbol: STCTRL_GO
   Definitions
      At line 11 in file timer.s
   Uses
      At line 58 in file timer.s
Comment: STCTRL_GO used once
STCTRL_STOP 00000004

Symbol: STCTRL_STOP
   Definitions
      At line 10 in file timer.s
   Uses
      At line 29 in file timer.s
      At line 86 in file timer.s

STCURRENT E000E018

Symbol: STCURRENT
   Definitions
      At line 8 in file timer.s
   Uses
      At line 62 in file timer.s
Comment: STCURRENT used once
STCURR_CLR 00000000

Symbol: STCURR_CLR
   Definitions
      At line 13 in file timer.s
   Uses
      At line 63 in file timer.s



ARM Macro Assembler    Page 2 Alphabetic symbol ordering
Absolute symbols

Comment: STCURR_CLR used once
STRELOAD E000E014

Symbol: STRELOAD
   Definitions
      At line 7 in file timer.s
   Uses
      At line 33 in file timer.s
Comment: STRELOAD used once
STRELOAD_MX 00FFFFFF

Symbol: STRELOAD_MX
   Definitions
      At line 12 in file timer.s
   Uses
      At line 34 in file timer.s
Comment: STRELOAD_MX used once
USR_HANDLER 20007B84

Symbol: USR_HANDLER
   Definitions
      At line 18 in file timer.s
   Uses
      At line 93 in file timer.s
      At line 113 in file timer.s

10 symbols
355 symbols in table
